2011-06-14 20:01:31 Warning: Warning (512): <span style="color:Red;text-align:left"><b>SQL Error:</b> 1062: Duplicate entry '0' for key 'PRIMARY'</span> in [C:\wamp\www\sexap\cake\libs\model\datasources\dbo_source.php, line 684]
2011-06-14 20:40:27 Warning: Warning (512): <span style="color:Red;text-align:left"><b>SQL Error:</b> 1054: Unknown column 'Grupo.uea_id' in 'field list'</span> in [C:\wamp\www\sexap\cake\libs\model\datasources\dbo_source.php, line 684]
2011-06-14 20:40:27 Warning: Warning (2): Invalid argument supplied for foreach() in [C:\wamp\www\sexap\cake\libs\model\datasources\dbo_source.php, line 1098]
2011-06-14 21:02:12 Warning: Warning (512): <span style="color:Red;text-align:left"><b>SQL Error:</b> 1054: Unknown column 'Problema.usuario_id' in 'field list'</span> in [C:\wamp\www\sexap\cake\libs\model\datasources\dbo_source.php, line 684]
2011-06-14 21:02:12 Warning: Warning (2): Invalid argument supplied for foreach() in [C:\wamp\www\sexap\cake\libs\model\datasources\dbo_source.php, line 1098]
2011-06-14 21:06:48 Warning: Warning (2): preg_match() [<a href='http://php.net/function.preg-match'>function.preg-match</a>]: Delimiter must not be alphanumeric or backslash in [C:\wamp\www\sexap\cake\libs\model\model.php, line 2611]
2011-06-14 21:39:06 Warning: Warning (2): preg_match() [<a href='http://php.net/function.preg-match'>function.preg-match</a>]: Delimiter must not be alphanumeric or backslash in [C:\wamp\www\sexap\cake\libs\model\model.php, line 2611]
2011-06-14 21:39:18 Warning: Warning (2): preg_match() [<a href='http://php.net/function.preg-match'>function.preg-match</a>]: Delimiter must not be alphanumeric or backslash in [C:\wamp\www\sexap\cake\libs\model\model.php, line 2611]
2011-06-14 21:39:33 Warning: Warning (2): preg_match() [<a href='http://php.net/function.preg-match'>function.preg-match</a>]: Delimiter must not be alphanumeric or backslash in [C:\wamp\www\sexap\cake\libs\model\model.php, line 2611]
2011-06-15 01:12:57 Warning: Warning (512): <span style="color:Red;text-align:left"><b>SQL Error:</b> 1054: Unknown column 'ActividadesGrupo.actividade_id' in 'on clause'</span> in [C:\wamp\www\sexap\cake\libs\model\datasources\dbo_source.php, line 684]
2011-06-15 01:12:57 Warning: Warning (512): <span style="color:Red;text-align:left"><b>SQL Error:</b> 1054: Unknown column 'ActividadesProblema.actividade_id' in 'on clause'</span> in [C:\wamp\www\sexap\cake\libs\model\datasources\dbo_source.php, line 684]
2011-06-15 01:14:08 Warning: Warning (512): <span style="color:Red;text-align:left"><b>SQL Error:</b> 1054: Unknown column 'ActividadesGrupo.actividade_id' in 'on clause'</span> in [C:\wamp\www\sexap\cake\libs\model\datasources\dbo_source.php, line 684]
2011-06-15 01:14:08 Warning: Warning (512): <span style="color:Red;text-align:left"><b>SQL Error:</b> 1054: Unknown column 'ActividadesProblema.actividade_id' in 'on clause'</span> in [C:\wamp\www\sexap\cake\libs\model\datasources\dbo_source.php, line 684]
2011-06-15 01:18:37 Warning: Warning (2): Illegal offset type in [C:\wamp\www\sexap\cake\libs\model\model.php, line 614]
2011-06-15 01:18:37 Warning: Warning (2): strpos() expects parameter 1 to be string, array given in [C:\wamp\www\sexap\cake\libs\model\model.php, line 616]
2011-06-15 01:18:37 Warning: Warning (2): Illegal offset type in [C:\wamp\www\sexap\cake\libs\model\model.php, line 617]
2011-06-15 01:18:37 Warning: Warning (2): Illegal offset type in unset in [C:\wamp\www\sexap\cake\libs\model\model.php, line 618]
2011-06-15 01:18:37 Warning: Warning (2): strpos() expects parameter 1 to be string, array given in [C:\wamp\www\sexap\cake\basics.php, line 237]
2011-06-15 01:18:37 Warning: Warning (2): explode() expects parameter 2 to be string, array given in [C:\wamp\www\sexap\cake\basics.php, line 238]
2011-06-15 01:18:45 Warning: Warning (2): Illegal offset type in [C:\wamp\www\sexap\cake\libs\model\model.php, line 614]
2011-06-15 01:18:45 Warning: Warning (2): strpos() expects parameter 1 to be string, array given in [C:\wamp\www\sexap\cake\libs\model\model.php, line 616]
2011-06-15 01:18:45 Warning: Warning (2): Illegal offset type in [C:\wamp\www\sexap\cake\libs\model\model.php, line 617]
2011-06-15 01:18:45 Warning: Warning (2): Illegal offset type in unset in [C:\wamp\www\sexap\cake\libs\model\model.php, line 618]
2011-06-15 01:18:45 Warning: Warning (2): strpos() expects parameter 1 to be string, array given in [C:\wamp\www\sexap\cake\basics.php, line 237]
2011-06-15 01:18:45 Warning: Warning (2): explode() expects parameter 2 to be string, array given in [C:\wamp\www\sexap\cake\basics.php, line 238]
2011-06-15 01:22:04 Warning: Warning (512): <span style="color:Red;text-align:left"><b>SQL Error:</b> 1054: Unknown column 'ActividadesGrupo.actividade_id' in 'on clause'</span> in [C:\wamp\www\sexap\cake\libs\model\datasources\dbo_source.php, line 684]
2011-06-15 02:11:02 Warning: Warning (512): <span style="color:Red;text-align:left"><b>SQL Error:</b> 1054: Unknown column 'RolesUsuario.role_id' in 'on clause'</span> in [C:\wamp\www\sexap\cake\libs\model\datasources\dbo_source.php, line 684]
2011-06-15 02:11:42 Warning: Warning (512): <span style="color:Red;text-align:left"><b>SQL Error:</b> 1054: Unknown column 'RolesUsuario.role_id' in 'on clause'</span> in [C:\wamp\www\sexap\cake\libs\model\datasources\dbo_source.php, line 684]
